[2021-03-25 13:35:22] TEST > testcontestcon
[2021-03-25 13:35:26] TEST > testcon
[2021-03-25 13:35:33] TEST > testcon
[2021-03-25 15:11:34] TEST > testcon test
[2021-03-25 15:11:37] TEST > testcon test
[2021-03-25 15:41:49] SCAN > change time 500
[2021-03-25 15:55:04] SCAN > change test
[2021-03-25 15:55:18] SCAN > change unitid 0
[2021-03-25 15:55:25] SCAN > help
[2021-03-25 15:55:26] SCAN > help
[2021-03-25 15:55:28] SCAN > help
[2021-03-25 15:55:29] SCAN > help
[2021-03-25 15:55:56] SCAN > help
[2021-03-25 15:55:58] SCAN > help
[2021-03-25 15:56:02] SCAN > change test
[2021-03-25 15:59:48] SCAN > test
[2021-03-25 15:59:52] SCAN > help
[2021-03-25 15:59:59] SCAN > change test
[2021-03-25 16:00:19] SCAN > [A
[2021-03-25 16:20:09] SCAN > help
[2021-03-25 16:20:13] SCAN > change
[2021-03-25 16:20:41] SCAN > change ip 192.168.1.50
[2021-03-25 16:21:09] SCAN > change ip 192.168.1.38
[2021-03-25 16:23:34] SCAN > change ip 192.168.1.39
[2021-03-25 16:24:31] SCAN > change ip 192.168.1.50
[2021-03-25 16:25:11] SCAN > change port 500
[2021-03-25 16:25:42] SCAN > change port 500
[2021-03-26 17:38:35] SCAN > change time 500
[2021-03-26 17:40:09] SCAN > change time 200
[2021-03-26 17:44:51] SCAN > change time 200
[2021-03-26 17:45:31] SCAN > change port 300
[2021-04-05 10:30:55] SCAN > change
[2021-04-05 10:31:02] SCAN > change time
[2021-04-05 10:31:16] SCAN > change time 5000
[2021-04-05 10:32:58] SCAN > change ip
[2021-04-05 10:33:06] SCAN > change time 300
[2021-04-05 10:33:18] SCAN > change time 30000
[2021-04-05 10:33:52] SCAN > change time 3000
[2021-04-05 10:34:34] SCAN > change time 300
[2021-04-05 10:39:11] SCAN > change time 100
[2021-04-05 10:40:19] SCAN > change time 100
[2021-04-05 10:40:26] SCAN > change time 200
[2021-04-05 10:41:12] SCAN > change time 3000
[2021-04-05 10:41:52] SCAN > change time 3000
[2021-04-05 10:42:33] SCAN > change time 3000
[2021-04-05 10:42:35] SCAN > change time 3000
[2021-04-05 10:42:46] SCAN > change time 3000
[2021-04-05 10:43:45] SCAN > change time 3000
[2021-04-05 10:43:54] SCAN > change time 3000
[2021-04-05 10:46:24] SCAN > now time : 1000000
[2021-04-05 10:46:26] SCAN > now time : 1000000
[2021-04-05 10:46:30] SCAN > change time 3000
[2021-04-05 10:46:32] SCAN > change time 3000
[2021-04-05 10:46:38] SCAN > change time 3000
[2021-04-05 10:47:19] SCAN > change time 3000
[2021-04-05 10:59:02] SCAN > change time 300
[2021-04-05 10:59:12] SCAN > change time 3000
[2021-04-05 11:00:53] SCAN > change time 2000
[2021-04-05 11:02:04] SCAN > change time 3000
[2021-04-05 13:33:04] SCAN > change time 3000
[2021-04-05 13:33:08] SCAN > change time 3000
[2021-04-05 13:35:30] SCAN > tchange time 3000
[2021-04-05 13:35:32] SCAN > change time 3000
[2021-04-05 13:38:30] SCAN > ls
[2021-04-05 13:38:44] SCAN > change time 3000
[2021-04-05 13:38:56] SCAN > change time 100
[2021-04-05 13:39:36] SCAN > change time 3000
[2021-04-05 13:39:44] SCAN > change time 100
[2021-04-05 13:39:51] SCAN > change time 1000
